Detecting compiler hash for triplet arm64-osx...
Compiler found: /usr/bin/c++
The following packages will be built and installed:
  * boost-assert:arm64-osx@1.91.0
  * boost-cmake:arm64-osx@1.91.0
  * boost-config:arm64-osx@1.91.0
  * boost-core:arm64-osx@1.91.0
  * boost-headers:arm64-osx@1.91.0
  * boost-integer:arm64-osx@1.91.0
    boost-pool:arm64-osx@1.91.0
  * boost-predef:arm64-osx@1.91.0
  * boost-throw-exception:arm64-osx@1.91.0
  * boost-type-traits:arm64-osx@1.91.0
  * boost-uninstall:arm64-osx@1.91.0
  * boost-winapi:arm64-osx@1.91.0
    fmt:arm64-osx@12.1.0
  * vcpkg-boost:arm64-osx@2025-03-29
  * vcpkg-cmake:arm64-osx@2024-04-23
  * vcpkg-cmake-config:arm64-osx@2024-05-23
Additional packages (*) will be modified to complete this operation.
Restored 12 package(s) from /Users/chrissilva/.cache/vcpkg/archives in 58.5 ms. Use --debug to see more details.
Installing 1/16 vcpkg-cmake-config:arm64-osx@2024-05-23...
vcpkg-cmake-config:arm64-osx@2024-05-23 package ABI: f40cc57e47a44fd3b0a92113acead212ffb7c4485208c59bc2862b42e840f294
Elapsed time to handle vcpkg-cmake-config:arm64-osx: 1.53 ms
Installing 2/16 vcpkg-cmake:arm64-osx@2024-04-23...
vcpkg-cmake:arm64-osx@2024-04-23 package ABI: 28547a1fc1e91f3421996d67eff2277aa14895db5275e17ed84a91722b98213f
Elapsed time to handle vcpkg-cmake:arm64-osx: 1.71 ms
Installing 3/16 vcpkg-boost:arm64-osx@2025-03-29...
vcpkg-boost:arm64-osx@2025-03-29 package ABI: dbd2569f210772ca1f561a5dca5e369e122ad348817dc1e683f729386a20cf1d
Elapsed time to handle vcpkg-boost:arm64-osx: 1.53 ms
Installing 4/16 boost-uninstall:arm64-osx@1.91.0...
boost-uninstall:arm64-osx@1.91.0 package ABI: 96e2a6918c0346bf7f61995e28e456637e22543365bd0533074a9185f8cfab62
Elapsed time to handle boost-uninstall:arm64-osx: 1.01 ms
Installing 5/16 boost-cmake:arm64-osx@1.91.0...
boost-cmake:arm64-osx@1.91.0 package ABI: fdf642dc1c0a3563dd04c270a2c95fd4b7ce6ff8cbc1da94a028797f123f0170
Elapsed time to handle boost-cmake:arm64-osx: 2.54 ms
Installing 6/16 boost-headers:arm64-osx@1.91.0...
boost-headers:arm64-osx@1.91.0 package ABI: e7b91086bdb8771bdc884b7e1366ca5fb3edf648583996c796916ce3d8bad84f
Elapsed time to handle boost-headers:arm64-osx: 1.57 ms
Installing 7/16 boost-config:arm64-osx@1.91.0...
boost-config:arm64-osx@1.91.0 package ABI: 87bc9f152905918000e2d53e9bff13e3c9ab56adea6ae3e99b810042841c0674
Elapsed time to handle boost-config:arm64-osx: 45 ms
Installing 8/16 boost-predef:arm64-osx@1.91.0...
boost-predef:arm64-osx@1.91.0 package ABI: 20faef136b13fb2a403f557f6c8907fe2dd9082fb5c799180128aed94bd2d02f
Building boost-predef:arm64-osx@1.91.0...
Downloading https://github.com/boostorg/predef/archive/boost-1.91.0.tar.gz -> boostorg-predef-boost-1.91.0.tar.gz
Successfully downloaded boostorg-predef-boost-1.91.0.tar.gz
-- Extracting source /Users/chrissilva/vcpkg/downloads/boostorg-predef-boost-1.91.0.tar.gz
-- Using source at /Users/chrissilva/vcpkg/buildtrees/boost-predef/src/ost-1.91.0-1f362b7212.clean
-- Configuring arm64-osx
-- Building arm64-osx-rel
-- Installing: /Users/chrissilva/vcpkg/packages/boost-predef_arm64-osx/share/boost-predef/copyright
-- Performing post-build validation
Starting submission of boost-predef:arm64-osx@1.91.0 to 1 binary cache(s) in the background
Elapsed time to handle boost-predef:arm64-osx: 1.2 s
Installing 9/16 boost-winapi:arm64-osx@1.91.0...
boost-winapi:arm64-osx@1.91.0 package ABI: b2871c8965402604d88244a02f1a02a3c77a9c0f05b761bc110cfcdb0189c661
Building boost-winapi:arm64-osx@1.91.0...
Downloading https://github.com/boostorg/winapi/archive/boost-1.91.0.tar.gz -> boostorg-winapi-boost-1.91.0.tar.gz
Successfully downloaded boostorg-winapi-boost-1.91.0.tar.gz
-- Extracting source /Users/chrissilva/vcpkg/downloads/boostorg-winapi-boost-1.91.0.tar.gz
-- Using source at /Users/chrissilva/vcpkg/buildtrees/boost-winapi/src/ost-1.91.0-1930f2e233.clean
-- Configuring arm64-osx
-- Building arm64-osx-rel
-- Installing: /Users/chrissilva/vcpkg/packages/boost-winapi_arm64-osx/share/boost-winapi/copyright
-- Performing post-build validation
Starting submission of boost-winapi:arm64-osx@1.91.0 to 1 binary cache(s) in the background
Elapsed time to handle boost-winapi:arm64-osx: 1 s
Completed submission of boost-predef:arm64-osx@1.91.0 to 1 binary cache(s) in 20.3 ms
Installing 10/16 boost-type-traits:arm64-osx@1.91.0...
boost-type-traits:arm64-osx@1.91.0 package ABI: ac640107fdedbc0f8bcd29865c80af4591f1523a1dd2445cd78d2caec0c39ab7
Elapsed time to handle boost-type-traits:arm64-osx: 36.9 ms
Installing 11/16 boost-assert:arm64-osx@1.91.0...
boost-assert:arm64-osx@1.91.0 package ABI: 998c4f2de02c88ef10a42b145957775b47a06f32573e2947c7739eaeaf33c076
Elapsed time to handle boost-assert:arm64-osx: 3.33 ms
Installing 12/16 boost-throw-exception:arm64-osx@1.91.0...
boost-throw-exception:arm64-osx@1.91.0 package ABI: e488f06c65ee9e3b9634f97cd7b392bd2ac1beca0097a5d0a757d4fd98f92b1c
Elapsed time to handle boost-throw-exception:arm64-osx: 3.16 ms
Installing 13/16 boost-core:arm64-osx@1.91.0...
boost-core:arm64-osx@1.91.0 package ABI: a53a26c6d0d2fd1e3bcf79ce91163975a3b7f4706d257cfdc747fd9a0b1ffb61
Elapsed time to handle boost-core:arm64-osx: 16.6 ms
Completed submission of boost-winapi:arm64-osx@1.91.0 to 1 binary cache(s) in 49.9 ms
Installing 14/16 boost-integer:arm64-osx@1.91.0...
boost-integer:arm64-osx@1.91.0 package ABI: b017b15013f5953a307117e6fdec86a525c6a0594d245f75b85b3ee977f53b5a
Building boost-integer:arm64-osx@1.91.0...
Downloading https://github.com/boostorg/integer/archive/boost-1.91.0.tar.gz -> boostorg-integer-boost-1.91.0.tar.gz
Successfully downloaded boostorg-integer-boost-1.91.0.tar.gz
-- Extracting source /Users/chrissilva/vcpkg/downloads/boostorg-integer-boost-1.91.0.tar.gz
-- Using source at /Users/chrissilva/vcpkg/buildtrees/boost-integer/src/ost-1.91.0-650e6e380d.clean
-- Configuring arm64-osx
-- Building arm64-osx-rel
-- Installing: /Users/chrissilva/vcpkg/packages/boost-integer_arm64-osx/share/boost-integer/copyright
-- Performing post-build validation
Starting submission of boost-integer:arm64-osx@1.91.0 to 1 binary cache(s) in the background
Elapsed time to handle boost-integer:arm64-osx: 887 ms
Installing 15/16 boost-pool:arm64-osx@1.91.0...
boost-pool:arm64-osx@1.91.0 package ABI: 1d5f4d1f1103c4f5a14c942544741b435074b2c2fce47bc352c24ca4ce8f0e41
Building boost-pool:arm64-osx@1.91.0...
Downloading https://github.com/boostorg/pool/archive/boost-1.91.0.tar.gz -> boostorg-pool-boost-1.91.0.tar.gz
Successfully downloaded boostorg-pool-boost-1.91.0.tar.gz
-- Extracting source /Users/chrissilva/vcpkg/downloads/boostorg-pool-boost-1.91.0.tar.gz
-- Using source at /Users/chrissilva/vcpkg/buildtrees/boost-pool/src/ost-1.91.0-d713415078.clean
-- Configuring arm64-osx
-- Building arm64-osx-rel
-- Installing: /Users/chrissilva/vcpkg/packages/boost-pool_arm64-osx/share/boost-pool/copyright
-- Performing post-build validation
Starting submission of boost-pool:arm64-osx@1.91.0 to 1 binary cache(s) in the background
Elapsed time to handle boost-pool:arm64-osx: 1.1 s
Completed submission of boost-integer:arm64-osx@1.91.0 to 1 binary cache(s) in 8.3 ms
Installing 16/16 fmt:arm64-osx@12.1.0...
fmt:arm64-osx@12.1.0 package ABI: aae113b332e4808d79532d2c67033d98daeb670dd54fb7f5e6a9608bfed7107e
Elapsed time to handle fmt:arm64-osx: 6.55 ms
Installed contents are licensed to you by owners. Microsoft is not responsible for, nor does it grant any licenses to, third-party packages.
Packages installed in this vcpkg installation declare the following licenses:
BSL-1.0
MIT
The package boost-pool is compatible with built-in CMake targets of FindBoost.cmake:

    find_package(Boost REQUIRED COMPONENTS pool)
    target_link_libraries(main PRIVATE Boost::pool)

or the generated cmake configs via:

    find_package( REQUIRED CONFIG)
    target_link_libraries(main PRIVATE Boost::pool)

The package fmt provides CMake targets:

    find_package(fmt CONFIG REQUIRED)
    target_link_libraries(main PRIVATE fmt::fmt)

    # Or use the header-only version
    find_package(fmt CONFIG REQUIRED)
    target_link_libraries(main PRIVATE fmt::fmt-header-only)

Waiting for 1 remaining binary cache submissions...
Completed submission of boost-pool:arm64-osx@1.91.0 to 1 binary cache(s) in 13.8 ms (1/1)
All requested installations completed successfully in: 4.3 s
